INFO 2024-10-29 11:56:04,987 autoreload Watching for file changes with StatReloader
INFO 2024-10-29 11:56:05,003 autoreload Watching for file changes with StatReloader
DEBUG 2024-10-29 11:56:29,239 views Cart items: [{'id': 1, 'cart_id': 1, 'product_id': 1, 'quantity': 3, 'added_at': datetime.datetime(2024, 10, 29, 7, 28, 25, 118526, tzinfo=datetime.timezone.utc)}]
DEBUG 2024-10-29 11:56:29,240 views Calculated total: 60.00
INFO 2024-10-29 11:56:29,293 basehttp "GET /checkout/ HTTP/1.1" 200 46056
WARNING 2024-10-29 11:56:29,719 basehttp "GET /media/product_images/IMG_20241022_135011_Bokeh.jpg HTTP/1.1" 404 38793
INFO 2024-10-29 11:56:30,032 basehttp "GET /cart/get-items/ HTTP/1.1" 200 226
DEBUG 2024-10-29 11:56:37,690 views Cart items: [{'id': 1, 'cart_id': 1, 'product_id': 1, 'quantity': 3, 'added_at': datetime.datetime(2024, 10, 29, 7, 28, 25, 118526, tzinfo=datetime.timezone.utc)}]
DEBUG 2024-10-29 11:56:37,690 views Calculated total: 60.00
DEBUG 2024-10-29 11:56:37,690 views Received POST data: {'order_data': {'first_name': 'Jakub', 'last_name': 'Parafian', 'email': 'salomonik@gmail.com', 'phone': '07541909549', 'address': '19 Dewberry Gardens', 'city': 'Mansfield', 'postcode': 'Ng19 0rg', 'country': 'GB'}}
DEBUG 2024-10-29 11:56:37,690 views Extracted form data: {'first_name': 'Jakub', 'last_name': 'Parafian', 'email': 'salomonik@gmail.com', 'phone': '07541909549', 'address': '19 Dewberry Gardens', 'city': 'Mansfield', 'postcode': 'Ng19 0rg', 'country': 'GB'}
DEBUG 2024-10-29 11:56:37,690 views Shipping cost based on country (GB): 0
DEBUG 2024-10-29 11:56:37,690 views Total with shipping: 60.00
INFO 2024-10-29 11:56:37,763 views Created order with ID: 14
INFO 2024-10-29 11:56:37,790 views Added 1 items to order ID: 14
DEBUG 2024-10-29 11:56:37,832 views Cleared user's cart items.
INFO 2024-10-29 11:56:37,943 _util message='Request to Stripe api' method=post url=https://api.stripe.com/v1/checkout/sessions
DEBUG 2024-10-29 11:56:37,943 _util api_version=2024-09-30.acacia message='Post details' post_data=payment_method_types[0]=card&line_items[0][price_data][currency]=gbp&line_items[0][price_data][product_data][name]=Your+Shop+Order&line_items[0][price_data][product_data][description]=Order+%2314&line_items[0][price_data][unit_amount]=6000&line_items[0][quantity]=1&mode=payment&success_url=http%3A%2F%2F127.0.0.1%3A8000%2Fcheckout%2Fsuccess%2F%3Fsession_id%3D%7BCHECKOUT_SESSION_ID%7D&cancel_url=http%3A%2F%2F127.0.0.1%3A8000%2Fcheckout%2Fcancel%2F&customer_email=
DEBUG 2024-10-29 11:56:37,943 connectionpool Starting new HTTPS connection (1): api.stripe.com:443
DEBUG 2024-10-29 11:56:38,603 connectionpool https://api.stripe.com:443 "POST /v1/checkout/sessions HTTP/11" 400 324
INFO 2024-10-29 11:56:38,603 _util message='Stripe API response' path=https://api.stripe.com/v1/checkout/sessions response_code=400
DEBUG 2024-10-29 11:56:38,603 _util body='{\n  "error": {\n    "code": "email_invalid",\n    "doc_url": "https://stripe.com/docs/error-codes/email-invalid",\n    "message": "Invalid email address: ",\n    "param": "customer_email",\n    "request_log_url": "https://dashboard.stripe.com/test/logs/req_nQJOPacG7A5kJ8?t=1730203000",\n    "type": "invalid_request_error"\n  }\n}\n' message='API response body'
DEBUG 2024-10-29 11:56:38,618 _util link=https://dashboard.stripe.com/test/logs/req_nQJOPacG7A5kJ8 message='Dashboard link for request'
INFO 2024-10-29 11:56:38,618 _util error_code=email_invalid error_message='Invalid email address: ' error_param=customer_email error_type=invalid_request_error message='Stripe v1 API error received'
ERROR 2024-10-29 11:56:38,652 views Stripe API error: Request req_nQJOPacG7A5kJ8: Invalid email address: 
ERROR 2024-10-29 11:56:38,653 log Internal Server Error: /checkout/
ERROR 2024-10-29 11:56:38,653 basehttp "POST /checkout/ HTTP/1.1" 500 64
DEBUG 2024-10-29 11:57:46,867 views Cart items: [{'id': 1, 'cart_id': 1, 'product_id': 1, 'quantity': 3, 'added_at': datetime.datetime(2024, 10, 29, 7, 28, 25, 118526, tzinfo=datetime.timezone.utc)}]
DEBUG 2024-10-29 11:57:46,867 views Calculated total: 60.00
DEBUG 2024-10-29 11:57:46,867 views Received POST data: {'order_data': {'first_name': 'Jakub', 'last_name': 'Parafian', 'email': 'salomonik@gmail.com', 'phone': '07541909549', 'address': '19 Dewberry Gardens', 'city': 'Mansfield', 'postcode': 'Ng19 0rg', 'country': 'GB'}}
DEBUG 2024-10-29 11:57:46,867 views Extracted form data: {'first_name': 'Jakub', 'last_name': 'Parafian', 'email': 'salomonik@gmail.com', 'phone': '07541909549', 'address': '19 Dewberry Gardens', 'city': 'Mansfield', 'postcode': 'Ng19 0rg', 'country': 'GB'}
DEBUG 2024-10-29 11:57:46,867 views Shipping cost based on country (GB): 0
DEBUG 2024-10-29 11:57:46,867 views Total with shipping: 60.00
INFO 2024-10-29 11:57:46,943 views Created order with ID: 15
INFO 2024-10-29 11:57:46,984 views Added 1 items to order ID: 15
DEBUG 2024-10-29 11:57:47,031 views Cleared user's cart items.
INFO 2024-10-29 11:57:47,031 _util message='Request to Stripe api' method=post url=https://api.stripe.com/v1/checkout/sessions
DEBUG 2024-10-29 11:57:47,031 _util api_version=2024-09-30.acacia message='Post details' post_data=payment_method_types[0]=card&line_items[0][price_data][currency]=gbp&line_items[0][price_data][product_data][name]=Your+Shop+Order&line_items[0][price_data][product_data][description]=Order+%2315&line_items[0][price_data][unit_amount]=6000&line_items[0][quantity]=1&mode=payment&success_url=http%3A%2F%2F127.0.0.1%3A8000%2Fcheckout%2Fsuccess%2F%3Fsession_id%3D%7BCHECKOUT_SESSION_ID%7D&cancel_url=http%3A%2F%2F127.0.0.1%3A8000%2Fcheckout%2Fcancel%2F&customer_email=
DEBUG 2024-10-29 11:57:47,243 connectionpool https://api.stripe.com:443 "POST /v1/checkout/sessions HTTP/11" 400 324
INFO 2024-10-29 11:57:47,243 _util message='Stripe API response' path=https://api.stripe.com/v1/checkout/sessions response_code=400
DEBUG 2024-10-29 11:57:47,243 _util body='{\n  "error": {\n    "code": "email_invalid",\n    "doc_url": "https://stripe.com/docs/error-codes/email-invalid",\n    "message": "Invalid email address: ",\n    "param": "customer_email",\n    "request_log_url": "https://dashboard.stripe.com/test/logs/req_yq9wAQyseLh8Uv?t=1730203068",\n    "type": "invalid_request_error"\n  }\n}\n' message='API response body'
DEBUG 2024-10-29 11:57:47,243 _util link=https://dashboard.stripe.com/test/logs/req_yq9wAQyseLh8Uv message='Dashboard link for request'
INFO 2024-10-29 11:57:47,243 _util error_code=email_invalid error_message='Invalid email address: ' error_param=customer_email error_type=invalid_request_error message='Stripe v1 API error received'
ERROR 2024-10-29 11:57:47,290 views Stripe API error: Request req_yq9wAQyseLh8Uv: Invalid email address: 
ERROR 2024-10-29 11:57:47,291 log Internal Server Error: /checkout/
ERROR 2024-10-29 11:57:47,292 basehttp "POST /checkout/ HTTP/1.1" 500 64
DEBUG 2024-10-29 11:57:51,749 views Cart items: [{'id': 1, 'cart_id': 1, 'product_id': 1, 'quantity': 3, 'added_at': datetime.datetime(2024, 10, 29, 7, 28, 25, 118526, tzinfo=datetime.timezone.utc)}]
DEBUG 2024-10-29 11:57:51,749 views Calculated total: 60.00
DEBUG 2024-10-29 11:57:51,749 views Received POST data: {'order_data': {'first_name': 'Jakub', 'last_name': 'Parafian', 'email': 'salomonik@gmail.com', 'phone': '07541909549', 'address': '19 Dewberry Gardens', 'city': 'Mansfield', 'postcode': 'Ng19 0rg', 'country': 'PL'}}
DEBUG 2024-10-29 11:57:51,749 views Extracted form data: {'first_name': 'Jakub', 'last_name': 'Parafian', 'email': 'salomonik@gmail.com', 'phone': '07541909549', 'address': '19 Dewberry Gardens', 'city': 'Mansfield', 'postcode': 'Ng19 0rg', 'country': 'PL'}
DEBUG 2024-10-29 11:57:51,749 views Shipping cost based on country (PL): 5
DEBUG 2024-10-29 11:57:51,749 views Total with shipping: 65.00
INFO 2024-10-29 11:57:51,819 views Created order with ID: 16
INFO 2024-10-29 11:57:51,861 views Added 1 items to order ID: 16
DEBUG 2024-10-29 11:57:51,896 views Cleared user's cart items.
INFO 2024-10-29 11:57:51,896 _util message='Request to Stripe api' method=post url=https://api.stripe.com/v1/checkout/sessions
DEBUG 2024-10-29 11:57:51,896 _util api_version=2024-09-30.acacia message='Post details' post_data=payment_method_types[0]=card&line_items[0][price_data][currency]=gbp&line_items[0][price_data][product_data][name]=Your+Shop+Order&line_items[0][price_data][product_data][description]=Order+%2316&line_items[0][price_data][unit_amount]=6500&line_items[0][quantity]=1&mode=payment&success_url=http%3A%2F%2F127.0.0.1%3A8000%2Fcheckout%2Fsuccess%2F%3Fsession_id%3D%7BCHECKOUT_SESSION_ID%7D&cancel_url=http%3A%2F%2F127.0.0.1%3A8000%2Fcheckout%2Fcancel%2F&customer_email=
DEBUG 2024-10-29 11:57:52,141 connectionpool https://api.stripe.com:443 "POST /v1/checkout/sessions HTTP/11" 400 324
INFO 2024-10-29 11:57:52,141 _util message='Stripe API response' path=https://api.stripe.com/v1/checkout/sessions response_code=400
DEBUG 2024-10-29 11:57:52,141 _util body='{\n  "error": {\n    "code": "email_invalid",\n    "doc_url": "https://stripe.com/docs/error-codes/email-invalid",\n    "message": "Invalid email address: ",\n    "param": "customer_email",\n    "request_log_url": "https://dashboard.stripe.com/test/logs/req_LjuxtsjxHfkOH3?t=1730203073",\n    "type": "invalid_request_error"\n  }\n}\n' message='API response body'
DEBUG 2024-10-29 11:57:52,141 _util link=https://dashboard.stripe.com/test/logs/req_LjuxtsjxHfkOH3 message='Dashboard link for request'
INFO 2024-10-29 11:57:52,141 _util error_code=email_invalid error_message='Invalid email address: ' error_param=customer_email error_type=invalid_request_error message='Stripe v1 API error received'
ERROR 2024-10-29 11:57:52,189 views Stripe API error: Request req_LjuxtsjxHfkOH3: Invalid email address: 
ERROR 2024-10-29 11:57:52,189 log Internal Server Error: /checkout/
ERROR 2024-10-29 11:57:52,190 basehttp "POST /checkout/ HTTP/1.1" 500 64
INFO 2024-10-29 11:59:13,492 autoreload C:\Users\Salomon\Desktop\GitRepozytoriumLokalne\repos\-=Projekty Na zaliczenie\Code-Institute-Project-4\myshop\checkout\views.py changed, reloading.
INFO 2024-10-29 11:59:13,526 autoreload C:\Users\Salomon\Desktop\GitRepozytoriumLokalne\repos\-=Projekty Na zaliczenie\Code-Institute-Project-4\myshop\checkout\views.py changed, reloading.
INFO 2024-10-29 11:59:14,546 autoreload Watching for file changes with StatReloader
INFO 2024-10-29 11:59:14,546 autoreload Watching for file changes with StatReloader
INFO 2024-10-29 12:00:59,598 autoreload C:\Users\Salomon\Desktop\GitRepozytoriumLokalne\repos\-=Projekty Na zaliczenie\Code-Institute-Project-4\myshop\checkout\views.py changed, reloading.
INFO 2024-10-29 12:01:00,608 autoreload Watching for file changes with StatReloader
INFO 2024-10-29 12:01:00,698 autoreload C:\Users\Salomon\Desktop\GitRepozytoriumLokalne\repos\-=Projekty Na zaliczenie\Code-Institute-Project-4\myshop\checkout\views.py changed, reloading.
INFO 2024-10-29 12:01:02,110 autoreload Watching for file changes with StatReloader
INFO 2024-10-29 12:01:19,954 autoreload C:\Users\Salomon\Desktop\GitRepozytoriumLokalne\repos\-=Projekty Na zaliczenie\Code-Institute-Project-4\myshop\checkout\views.py changed, reloading.
INFO 2024-10-29 12:01:20,244 autoreload C:\Users\Salomon\Desktop\GitRepozytoriumLokalne\repos\-=Projekty Na zaliczenie\Code-Institute-Project-4\myshop\checkout\views.py changed, reloading.
INFO 2024-10-29 12:01:21,146 autoreload Watching for file changes with StatReloader
INFO 2024-10-29 12:01:21,457 autoreload Watching for file changes with StatReloader
INFO 2024-10-29 12:02:00,468 autoreload C:\Users\Salomon\Desktop\GitRepozytoriumLokalne\repos\-=Projekty Na zaliczenie\Code-Institute-Project-4\myshop\checkout\views.py changed, reloading.
INFO 2024-10-29 12:02:01,128 autoreload C:\Users\Salomon\Desktop\GitRepozytoriumLokalne\repos\-=Projekty Na zaliczenie\Code-Institute-Project-4\myshop\checkout\views.py changed, reloading.
INFO 2024-10-29 12:02:01,820 autoreload Watching for file changes with StatReloader
INFO 2024-10-29 12:02:02,421 autoreload Watching for file changes with StatReloader
INFO 2024-10-29 12:02:28,816 autoreload C:\Users\Salomon\Desktop\GitRepozytoriumLokalne\repos\-=Projekty Na zaliczenie\Code-Institute-Project-4\myshop\checkout\views.py changed, reloading.
INFO 2024-10-29 12:02:29,164 autoreload C:\Users\Salomon\Desktop\GitRepozytoriumLokalne\repos\-=Projekty Na zaliczenie\Code-Institute-Project-4\myshop\checkout\views.py changed, reloading.
INFO 2024-10-29 12:02:29,794 autoreload Watching for file changes with StatReloader
INFO 2024-10-29 12:02:30,371 autoreload Watching for file changes with StatReloader
INFO 2024-10-29 12:02:32,991 basehttp "GET /checkout/ HTTP/1.1" 200 46056
WARNING 2024-10-29 12:02:33,473 basehttp "GET /media/product_images/IMG_20241022_135011_Bokeh.jpg HTTP/1.1" 404 38793
INFO 2024-10-29 12:02:33,701 basehttp "GET /cart/get-items/ HTTP/1.1" 200 226
INFO 2024-10-29 12:02:37,912 _util message='Request to Stripe api' method=post url=https://api.stripe.com/v1/checkout/sessions
DEBUG 2024-10-29 12:02:37,912 _util api_version=2024-09-30.acacia message='Post details' post_data=payment_method_types[0]=card&line_items[0][price_data][currency]=gbp&line_items[0][price_data][product_data][name]=Your+Shop+Order&line_items[0][price_data][product_data][description]=Order+%2317&line_items[0][price_data][unit_amount]=6000&line_items[0][quantity]=1&mode=payment&success_url=http%3A%2F%2F127.0.0.1%3A8000%2Fcheckout%2Fsuccess%2F%3Fsession_id%3D%7BCHECKOUT_SESSION_ID%7D&cancel_url=http%3A%2F%2F127.0.0.1%3A8000%2Fcheckout%2Fcancel%2F&customer_email=
DEBUG 2024-10-29 12:02:37,927 connectionpool Starting new HTTPS connection (1): api.stripe.com:443
DEBUG 2024-10-29 12:02:38,600 connectionpool https://api.stripe.com:443 "POST /v1/checkout/sessions HTTP/11" 400 324
INFO 2024-10-29 12:02:38,600 _util message='Stripe API response' path=https://api.stripe.com/v1/checkout/sessions response_code=400
DEBUG 2024-10-29 12:02:38,600 _util body='{\n  "error": {\n    "code": "email_invalid",\n    "doc_url": "https://stripe.com/docs/error-codes/email-invalid",\n    "message": "Invalid email address: ",\n    "param": "customer_email",\n    "request_log_url": "https://dashboard.stripe.com/test/logs/req_AIsMZxYji4Myep?t=1730203360",\n    "type": "invalid_request_error"\n  }\n}\n' message='API response body'
DEBUG 2024-10-29 12:02:38,600 _util link=https://dashboard.stripe.com/test/logs/req_AIsMZxYji4Myep message='Dashboard link for request'
INFO 2024-10-29 12:02:38,600 _util error_code=email_invalid error_message='Invalid email address: ' error_param=customer_email error_type=invalid_request_error message='Stripe v1 API error received'
ERROR 2024-10-29 12:02:38,650 log Internal Server Error: /checkout/
Traceback (most recent call last):
  File "C:\Users\Salomon\Desktop\GitRepozytoriumLokalne\repos\-=Projekty Na zaliczenie\Code-Institute-Project-4\venv\Lib\site-packages\django\core\handlers\exception.py", line 55, in inner
    response = get_response(request)
               ^^^^^^^^^^^^^^^^^^^^^
  File "C:\Users\Salomon\Desktop\GitRepozytoriumLokalne\repos\-=Projekty Na zaliczenie\Code-Institute-Project-4\venv\Lib\site-packages\django\core\handlers\base.py", line 197, in _get_response
    response = wrapped_callback(request, *callback_args, **callback_kwargs)
               ^^^^^^^^^^^^^^^^^^^^^^^^^^^^^^^^^^^^^^^^^^^^^^^^^^^^^^^^^^^^
  File "C:\Users\Salomon\Desktop\GitRepozytoriumLokalne\repos\-=Projekty Na zaliczenie\Code-Institute-Project-4\myshop\checkout\views.py", line 61, in checkout
    session = stripe.checkout.Session.create(
              ^^^^^^^^^^^^^^^^^^^^^^^^^^^^^^^
  File "C:\Users\Salomon\Desktop\GitRepozytoriumLokalne\repos\-=Projekty Na zaliczenie\Code-Institute-Project-4\venv\Lib\site-packages\stripe\checkout\_session.py", line 4191, in create
    cls._static_request(
  File "C:\Users\Salomon\Desktop\GitRepozytoriumLokalne\repos\-=Projekty Na zaliczenie\Code-Institute-Project-4\venv\Lib\site-packages\stripe\_api_resource.py", line 172, in _static_request
    return _APIRequestor._global_instance().request(
           ^^^^^^^^^^^^^^^^^^^^^^^^^^^^^^^^^^^^^^^^^
  File "C:\Users\Salomon\Desktop\GitRepozytoriumLokalne\repos\-=Projekty Na zaliczenie\Code-Institute-Project-4\venv\Lib\site-packages\stripe\_api_requestor.py", line 197, in request
    resp = requestor._interpret_response(rbody, rcode, rheaders, api_mode)
           ^^^^^^^^^^^^^^^^^^^^^^^^^^^^^^^^^^^^^^^^^^^^^^^^^^^^^^^^^^^^^^^
  File "C:\Users\Salomon\Desktop\GitRepozytoriumLokalne\repos\-=Projekty Na zaliczenie\Code-Institute-Project-4\venv\Lib\site-packages\stripe\_api_requestor.py", line 824, in _interpret_response
    self.handle_error_response(
  File "C:\Users\Salomon\Desktop\GitRepozytoriumLokalne\repos\-=Projekty Na zaliczenie\Code-Institute-Project-4\venv\Lib\site-packages\stripe\_api_requestor.py", line 336, in handle_error_response
    raise err
stripe._error.InvalidRequestError: Request req_AIsMZxYji4Myep: Invalid email address: 
ERROR 2024-10-29 12:02:38,657 basehttp "POST /checkout/ HTTP/1.1" 500 145
INFO 2024-10-29 12:03:14,552 autoreload C:\Users\Salomon\Desktop\GitRepozytoriumLokalne\repos\-=Projekty Na zaliczenie\Code-Institute-Project-4\myshop\checkout\views.py changed, reloading.
INFO 2024-10-29 12:03:14,586 autoreload C:\Users\Salomon\Desktop\GitRepozytoriumLokalne\repos\-=Projekty Na zaliczenie\Code-Institute-Project-4\myshop\checkout\views.py changed, reloading.
INFO 2024-10-29 12:03:15,473 autoreload Watching for file changes with StatReloader
INFO 2024-10-29 12:03:15,520 autoreload Watching for file changes with StatReloader
INFO 2024-10-29 12:03:35,893 autoreload C:\Users\Salomon\Desktop\GitRepozytoriumLokalne\repos\-=Projekty Na zaliczenie\Code-Institute-Project-4\myshop\checkout\views.py changed, reloading.
INFO 2024-10-29 12:03:35,915 autoreload C:\Users\Salomon\Desktop\GitRepozytoriumLokalne\repos\-=Projekty Na zaliczenie\Code-Institute-Project-4\myshop\checkout\views.py changed, reloading.
INFO 2024-10-29 12:03:37,075 autoreload Watching for file changes with StatReloader
INFO 2024-10-29 12:03:37,105 autoreload Watching for file changes with StatReloader
INFO 2024-10-29 12:03:40,888 basehttp "GET /checkout/ HTTP/1.1" 200 46056
WARNING 2024-10-29 12:03:41,365 basehttp "GET /media/product_images/IMG_20241022_135011_Bokeh.jpg HTTP/1.1" 404 38793
INFO 2024-10-29 12:03:41,662 basehttp "GET /cart/get-items/ HTTP/1.1" 200 226
ERROR 2024-10-29 12:03:44,326 log Internal Server Error: /checkout/
Traceback (most recent call last):
  File "C:\Users\Salomon\Desktop\GitRepozytoriumLokalne\repos\-=Projekty Na zaliczenie\Code-Institute-Project-4\venv\Lib\site-packages\django\core\handlers\exception.py", line 55, in inner
    response = get_response(request)
               ^^^^^^^^^^^^^^^^^^^^^
  File "C:\Users\Salomon\Desktop\GitRepozytoriumLokalne\repos\-=Projekty Na zaliczenie\Code-Institute-Project-4\venv\Lib\site-packages\django\core\handlers\base.py", line 197, in _get_response
    response = wrapped_callback(request, *callback_args, **callback_kwargs)
               ^^^^^^^^^^^^^^^^^^^^^^^^^^^^^^^^^^^^^^^^^^^^^^^^^^^^^^^^^^^^
  File "C:\Users\Salomon\Desktop\GitRepozytoriumLokalne\repos\-=Projekty Na zaliczenie\Code-Institute-Project-4\myshop\checkout\views.py", line 50, in checkout
    rint(f"Order item created for product {cart_item.product.name} with quantity {cart_item.quantity}")
    ^^^^
NameError: name 'rint' is not defined. Did you mean: 'print'?
ERROR 2024-10-29 12:03:44,342 basehttp "POST /checkout/ HTTP/1.1" 500 145
INFO 2024-10-29 12:04:58,457 autoreload C:\Users\Salomon\Desktop\GitRepozytoriumLokalne\repos\-=Projekty Na zaliczenie\Code-Institute-Project-4\myshop\myshop\settings.py changed, reloading.
INFO 2024-10-29 12:04:58,591 autoreload C:\Users\Salomon\Desktop\GitRepozytoriumLokalne\repos\-=Projekty Na zaliczenie\Code-Institute-Project-4\myshop\myshop\settings.py changed, reloading.
